0 info it worked if it ends with ok
1 verbose cli [ 'C:\\Program Files\\nodejs\\node.exe',
1 verbose cli   'C:\\Users\\Manot\\AppData\\Roaming\\npm\\node_modules\\npm\\bin\\npm-cli.js',
1 verbose cli   'run',
1 verbose cli   'deploy' ]
2 info using npm@3.10.3
3 info using node@v8.9.4
4 verbose run-script [ 'predeploy', 'deploy', 'postdeploy' ]
5 info lifecycle claudia-express@1.0.1~predeploy: claudia-express@1.0.1
6 silly lifecycle claudia-express@1.0.1~predeploy: no script for predeploy, continuing
7 info lifecycle claudia-express@1.0.1~deploy: claudia-express@1.0.1
8 verbose lifecycle claudia-express@1.0.1~deploy: unsafe-perm in lifecycle true
9 verbose lifecycle claudia-express@1.0.1~deploy: PATH: C:\Users\Manot\AppData\Roaming\npm\node_modules\npm\bin\node-gyp-bin;C:\Project\claudiajs-example-projects\example-projects\express-app-lambda\node_modules\.bin;C:\Program Files\nodejs;C:\Program Files\Git\mingw64\bin;C:\Program Files\Git\usr\bin;C:\Users\Manot\bin;C:\Program Files\Microsoft MPI\Bin;C:\Program Files (x86)\Lenovo\FusionEngine;C:\Program Files (x86)\NVIDIA Corporation\PhysX\Common;C:\Program Files (x86)\Intel\iCLS Client;C:\Program Files\Intel\iCLS Client;C:\WINDOWS\system32;C:\WINDOWS;C:\WINDOWS\System32\Wbem;C:\WINDOWS\System32\WindowsPowerShell\v1.0;C:\Program Files\Intel\Intel(R) Management Engine Components\DAL;C:\Program Files (x86)\Intel\Intel(R) Management Engine Components\DAL;C:\Program Files\Intel\Intel(R) Management Engine Components\IPT;C:\Program Files (x86)\Intel\Intel(R) Management Engine Components\IPT;C:\Program Files\Intel\WiFi\bin;C:\Program Files\Common Files\Intel\WirelessCommon;C:\Program Files (x86)\Lenovo\Motion Control;C:\Program Files (x86)\Common Files\lenovo\easyplussdk\bin;C:\Program Files (x86)\QuickTime\QTSystem;C:\ProgramData\chocolatey\bin;C:\Program Files\Microsof;C:\Program Files (x86)\Microsoft SQL Server\Client SDK\ODBC\110\Tools\Binn;C:\Program Files\Microsoft SQL Server\Client SDK\ODBC\110\Tools\Binn;C:\WINDOWS\system32;C:\WINDOWS;C:\WINDOWS\System32\Wbem;C:\WINDOWS\System32\WindowsPowerShell\v1.0;C:\Program Files\dotnet;C:\Program Files (x86)\Microsoft SDKs\Azure\CLI\wbin;C:\Program Files\Common Files\Autodesk Shared;C:\WINDOWS\Microsoft.NET\Framework\v4.0.30319;C:\TDM-GCC-64\bin;C:\Program Files\Git\cmd;C:\Program Files\nodejs;C:\Program Files\PuTTY;C:\xampp\php;C:\composer;C:\WINDOWS\System32\OpenSSH;C:\Program Files\Amazon\AWSCLI;C:\Users\Manot\AppData\Local\Programs\Python\Python36\Scripts;C:\Users\Manot\AppData\Local\Programs\Python\Python36;C:\Ruby23-x64\bin;C:\RailsInstaller\Git\cmd;C:\RailsInstaller\Ruby2.1.0\bin;C:\Users\Manot\AppData\Local\atom\bin;C:\Users\Manot\AppData\Local\.meteor;C:\Program Files\MongoDB\Server\3.2\bin;C:\Users\Manot\AppData\Local\Microsoft\WindowsApps;C:\Program Files\Microsoft VS Code\bin;C:\Users\Manot\AppData\Roaming\npm;C:\Program Files\Heroku\bin;C:\Users\Manot\AppData\Roaming\Composer\vendor\bin
10 verbose lifecycle claudia-express@1.0.1~deploy: CWD: C:\Project\claudiajs-example-projects\example-projects\express-app-lambda
11 silly lifecycle claudia-express@1.0.1~deploy: Args: [ '/d /s /c',
11 silly lifecycle   'claudia create --handler lambda.handler --deploy-proxy-api --region ap-northeast-1' ]
12 silly lifecycle claudia-express@1.0.1~deploy: Returned: code: 1  signal: null
13 info lifecycle claudia-express@1.0.1~deploy: Failed to exec deploy script
14 verbose stack Error: claudia-express@1.0.1 deploy: `claudia create --handler lambda.handler --deploy-proxy-api --region ap-northeast-1`
14 verbose stack Exit status 1
14 verbose stack     at EventEmitter.<anonymous> (C:\Users\Manot\AppData\Roaming\npm\node_modules\npm\lib\utils\lifecycle.js:242:16)
14 verbose stack     at emitTwo (events.js:126:13)
14 verbose stack     at EventEmitter.emit (events.js:214:7)
14 verbose stack     at ChildProcess.<anonymous> (C:\Users\Manot\AppData\Roaming\npm\node_modules\npm\lib\utils\spawn.js:40:14)
14 verbose stack     at emitTwo (events.js:126:13)
14 verbose stack     at ChildProcess.emit (events.js:214:7)
14 verbose stack     at maybeClose (internal/child_process.js:925:16)
14 verbose stack     at Process.ChildProcess._handle.onexit (internal/child_process.js:209:5)
15 verbose pkgid claudia-express@1.0.1
16 verbose cwd C:\Project\claudiajs-example-projects\example-projects\express-app-lambda
17 error Windows_NT 10.0.17134
18 error argv "C:\\Program Files\\nodejs\\node.exe" "C:\\Users\\Manot\\AppData\\Roaming\\npm\\node_modules\\npm\\bin\\npm-cli.js" "run" "deploy"
19 error node v8.9.4
20 error npm  v3.10.3
21 error code ELIFECYCLE
22 error claudia-express@1.0.1 deploy: `claudia create --handler lambda.handler --deploy-proxy-api --region ap-northeast-1`
22 error Exit status 1
23 error Failed at the claudia-express@1.0.1 deploy script 'claudia create --handler lambda.handler --deploy-proxy-api --region ap-northeast-1'.
23 error Make sure you have the latest version of node.js and npm installed.
23 error If you do, this is most likely a problem with the claudia-express package,
23 error not with npm itself.
23 error Tell the author that this fails on your system:
23 error     claudia create --handler lambda.handler --deploy-proxy-api --region ap-northeast-1
23 error You can get information on how to open an issue for this project with:
23 error     npm bugs claudia-express
23 error Or if that isn't available, you can get their info via:
23 error     npm owner ls claudia-express
23 error There is likely additional logging output above.
24 verbose exit [ 1, true ]
